#! /usr/local/bin/vvp
:ivl_version "12.0 (stable)";
:ivl_delay_selection "TYPICAL";
:vpi_time_precision + 0;
:vpi_module "/usr/local/lib/ivl/system.vpi";
:vpi_module "/usr/local/lib/ivl/vhdl_sys.vpi";
:vpi_module "/usr/local/lib/ivl/vhdl_textio.vpi";
:vpi_module "/usr/local/lib/ivl/v2005_math.vpi";
:vpi_module "/usr/local/lib/ivl/va_math.vpi";
:vpi_module "/usr/local/lib/ivl/v2009.vpi";
S_0x1a8b4080 .scope package, "$unit" "$unit" 2 1;
 .timescale 0 0;
S_0x1a8b4210 .scope module, "ram_tb" "ram_tb" 3 2;
 .timescale 0 0;
v0x1a8c74a0_0 .var "address", 9 0;
v0x1a8c7580_0 .var "clk", 0 0;
v0x1a8c7650_0 .var "data_in", 7 0;
v0x1a8c7750_0 .net "data_out", 7 0, v0x1a8c7150_0;  1 drivers
v0x1a8c7820_0 .var "write_enable", 0 0;
S_0x1a88e580 .scope module, "uut" "ram" 3 10, 4 2 0, S_0x1a8b4210;
 .timescale 0 0;
    .port_info 0 /INPUT 1 "clk";
    .port_info 1 /INPUT 1 "write_enable";
    .port_info 2 /INPUT 10 "address";
    .port_info 3 /INPUT 8 "data_in";
    .port_info 4 /OUTPUT 8 "data_out";
v0x1a8b5160_0 .net "address", 9 0, v0x1a8c74a0_0;  1 drivers
v0x1a8c6fa0_0 .net "clk", 0 0, v0x1a8c7580_0;  1 drivers
v0x1a8c7060_0 .net "data_in", 7 0, v0x1a8c7650_0;  1 drivers
v0x1a8c7150_0 .var "data_out", 7 0;
v0x1a8c7230 .array "ram_block", 1023 0, 7 0;
v0x1a8c7340_0 .net "write_enable", 0 0, v0x1a8c7820_0;  1 drivers
E_0x1a8b55c0 .event posedge, v0x1a8c6fa0_0;
    .scope S_0x1a88e580;
T_0 ;
    %wait E_0x1a8b55c0;
    %load/vec4 v0x1a8c7340_0;
    %flag_set/vec4 8;
    %jmp/0xz  T_0.0, 8;
    %load/vec4 v0x1a8c7060_0;
    %load/vec4 v0x1a8b5160_0;
    %pad/u 12;
    %ix/vec4 3;
    %ix/load 4, 0, 0; Constant delay
    %assign/vec4/a/d v0x1a8c7230, 0, 4;
    %jmp T_0.1;
T_0.0 ;
    %load/vec4 v0x1a8b5160_0;
    %pad/u 12;
    %ix/vec4 4;
    %load/vec4a v0x1a8c7230, 4;
    %assign/vec4 v0x1a8c7150_0, 0;
T_0.1 ;
    %jmp T_0;
    .thread T_0;
    .scope S_0x1a8b4210;
T_1 ;
    %pushi/vec4 0, 0, 1;
    %store/vec4 v0x1a8c7580_0, 0, 1;
    %pushi/vec4 86, 0, 8;
    %store/vec4 v0x1a8c7650_0, 0, 8;
    %pushi/vec4 0, 0, 1;
    %store/vec4 v0x1a8c7820_0, 0, 1;
    %pushi/vec4 55, 0, 10;
    %store/vec4 v0x1a8c74a0_0, 0, 10;
    %delay 20, 0;
    %pushi/vec4 1, 0, 1;
    %store/vec4 v0x1a8c7820_0, 0, 1;
    %delay 20, 0;
    %pushi/vec4 0, 0, 1;
    %store/vec4 v0x1a8c7820_0, 0, 1;
    %pushi/vec4 66, 0, 10;
    %store/vec4 v0x1a8c74a0_0, 0, 10;
    %pushi/vec4 54, 0, 8;
    %store/vec4 v0x1a8c7650_0, 0, 8;
    %delay 20, 0;
    %pushi/vec4 1, 0, 1;
    %store/vec4 v0x1a8c7820_0, 0, 1;
    %delay 20, 0;
    %pushi/vec4 0, 0, 1;
    %store/vec4 v0x1a8c7820_0, 0, 1;
    %delay 20, 0;
    %pushi/vec4 55, 0, 10;
    %store/vec4 v0x1a8c74a0_0, 0, 10;
    %delay 20, 0;
    %vpi_call/w 3 30 "$finish" {0 0 0};
    %end;
    .thread T_1;
    .scope S_0x1a8b4210;
T_2 ;
    %delay 10, 0;
    %load/vec4 v0x1a8c7580_0;
    %inv;
    %store/vec4 v0x1a8c7580_0, 0, 1;
    %jmp T_2;
    .thread T_2;
# The file index is used to find the file name in the following table.
:file_names 5;
    "N/A";
    "<interactive>";
    "-";
    "testbench.sv";
    "design.sv";
